INFO 2024-11-24 19:37:08,832 autoreload Watching for file changes with StatReloader
INFO 2024-11-24 19:37:13,766 basehttp "GET /api/attendances/ HTTP/1.1" 200 13285
INFO 2024-11-24 19:38:39,637 autoreload C:\Users\User\Desktop\miniproject2\StudentManagement\courses\views.py changed, reloading.
INFO 2024-11-24 19:38:40,480 autoreload Watching for file changes with StatReloader
INFO 2024-11-24 19:38:48,669 autoreload C:\Users\User\Desktop\miniproject2\StudentManagement\courses\views.py changed, reloading.
INFO 2024-11-24 19:38:49,566 autoreload Watching for file changes with StatReloader
INFO 2024-11-24 19:39:02,181 autoreload C:\Users\User\Desktop\miniproject2\StudentManagement\courses\views.py changed, reloading.
INFO 2024-11-24 19:39:03,147 autoreload Watching for file changes with StatReloader
INFO 2024-11-24 19:39:06,755 autoreload C:\Users\User\Desktop\miniproject2\StudentManagement\courses\views.py changed, reloading.
INFO 2024-11-24 19:39:07,717 autoreload Watching for file changes with StatReloader
INFO 2024-11-24 19:39:10,521 autoreload C:\Users\User\Desktop\miniproject2\StudentManagement\courses\views.py changed, reloading.
INFO 2024-11-24 19:39:11,310 autoreload Watching for file changes with StatReloader
INFO 2024-11-24 19:39:17,021 basehttp "GET /api/enrollments/ HTTP/1.1" 200 11673
INFO 2024-11-24 19:39:42,967 basehttp "POST /api/enrollments/ HTTP/1.1" 201 9838
INFO 2024-11-24 19:39:48,294 basehttp "GET /api/courses/ HTTP/1.1" 200 11568
INFO 2024-11-24 19:40:13,506 basehttp "POST /api/drf-auth/logout/?next=/api/courses/ HTTP/1.1" 302 0
WARNING 2024-11-24 19:40:13,513 log Unauthorized: /api/courses/
WARNING 2024-11-24 19:40:13,514 basehttp "GET /api/courses/ HTTP/1.1" 401 5216
INFO 2024-11-24 19:40:14,163 basehttp "GET /api/drf-auth/login/?next=/api/courses/ HTTP/1.1" 200 2717
INFO 2024-11-24 19:40:27,804 basehttp "POST /api/drf-auth/login/ HTTP/1.1" 302 0
INFO 2024-11-24 19:40:27,815 basehttp "GET /api/courses/ HTTP/1.1" 200 7558
INFO 2024-11-24 19:40:32,225 basehttp "GET /api/enrollments/ HTTP/1.1" 200 11675
INFO 2024-11-24 19:41:28,840 autoreload C:\Users\User\Desktop\miniproject2\StudentManagement\courses\views.py changed, reloading.
INFO 2024-11-24 19:41:29,830 autoreload Watching for file changes with StatReloader
INFO 2024-11-24 19:41:32,693 basehttp "GET /api/enrollments/ HTTP/1.1" 200 11675
INFO 2024-11-24 19:41:35,086 basehttp "GET /api/enrollments/ HTTP/1.1" 200 11675
INFO 2024-11-24 19:41:35,681 basehttp "GET /api/enrollments/ HTTP/1.1" 200 11675
INFO 2024-11-24 19:41:36,208 basehttp "GET /api/enrollments/ HTTP/1.1" 200 11675
INFO 2024-11-24 19:41:50,244 autoreload C:\Users\User\Desktop\miniproject2\StudentManagement\courses\views.py changed, reloading.
INFO 2024-11-24 19:41:51,290 autoreload Watching for file changes with StatReloader
INFO 2024-11-24 19:41:51,891 basehttp "GET /api/enrollments/ HTTP/1.1" 200 11675
INFO 2024-11-24 19:42:02,559 autoreload C:\Users\User\Desktop\miniproject2\StudentManagement\courses\views.py changed, reloading.
INFO 2024-11-24 19:42:03,654 autoreload Watching for file changes with StatReloader
INFO 2024-11-24 19:44:38,577 autoreload C:\Users\User\Desktop\miniproject2\StudentManagement\courses\views.py changed, reloading.
INFO 2024-11-24 19:44:39,669 autoreload Watching for file changes with StatReloader
INFO 2024-11-24 19:44:40,247 basehttp "GET /api/enrollments/ HTTP/1.1" 200 8054
INFO 2024-11-24 19:44:48,311 basehttp "GET /api/enrollments/ HTTP/1.1" 200 8054
INFO 2024-11-24 19:45:06,812 autoreload C:\Users\User\Desktop\miniproject2\StudentManagement\courses\views.py changed, reloading.
INFO 2024-11-24 19:45:07,844 autoreload Watching for file changes with StatReloader
INFO 2024-11-24 19:45:08,390 basehttp "GET /api/enrollments/ HTTP/1.1" 200 7923
INFO 2024-11-24 19:45:16,631 basehttp "GET /api/enrollments/ HTTP/1.1" 200 7923
INFO 2024-11-24 19:45:22,027 basehttp "POST /api/drf-auth/logout/?next=/api/enrollments/ HTTP/1.1" 302 0
WARNING 2024-11-24 19:45:22,035 log Unauthorized: /api/enrollments/
WARNING 2024-11-24 19:45:22,036 basehttp "GET /api/enrollments/ HTTP/1.1" 401 5264
INFO 2024-11-24 19:49:37,440 autoreload C:\Users\User\Desktop\miniproject2\StudentManagement\StudentManagement\settings.py changed, reloading.
INFO 2024-11-24 19:49:38,525 autoreload Watching for file changes with StatReloader
INFO 2024-11-24 19:49:46,787 autoreload C:\Users\User\Desktop\miniproject2\StudentManagement\StudentManagement\settings.py changed, reloading.
INFO 2024-11-24 19:49:48,040 autoreload Watching for file changes with StatReloader
INFO 2024-11-24 21:19:01,258 autoreload Watching for file changes with StatReloader
WARNING 2024-11-24 21:20:37,243 log Unauthorized: /api/enrollments/
WARNING 2024-11-24 21:20:37,244 basehttp "GET /api/enrollments/ HTTP/1.1" 401 5264
INFO 2024-11-24 21:20:38,581 basehttp "GET /admin/ HTTP/1.1" 302 0
INFO 2024-11-24 21:20:38,625 basehttp "GET /admin/login/?next=/admin/ HTTP/1.1" 200 4160
INFO 2024-11-24 21:20:47,851 basehttp "POST /admin/login/?next=/admin/ HTTP/1.1" 302 0
INFO 2024-11-24 21:20:47,903 basehttp "GET /admin/ HTTP/1.1" 200 14039
INFO 2024-11-24 21:20:51,657 basehttp "GET /admin/django_celery_beat/clockedschedule/ HTTP/1.1" 200 13434
INFO 2024-11-24 21:20:51,698 basehttp "GET /admin/jsi18n/ HTTP/1.1" 200 3342
INFO 2024-11-24 21:20:54,675 basehttp "GET /admin/django_celery_beat/crontabschedule/ HTTP/1.1" 200 15444
INFO 2024-11-24 21:20:54,709 basehttp "GET /admin/jsi18n/ HTTP/1.1" 200 3342
INFO 2024-11-24 21:20:59,337 basehttp "GET /admin/django_celery_beat/intervalschedule/ HTTP/1.1" 200 13443
INFO 2024-11-24 21:20:59,364 basehttp "GET /admin/jsi18n/ HTTP/1.1" 200 3342
INFO 2024-11-24 21:21:00,901 basehttp "GET /admin/django_celery_beat/periodictask/ HTTP/1.1" 200 20681
INFO 2024-11-24 21:21:00,930 basehttp "GET /admin/jsi18n/ HTTP/1.1" 200 3342
INFO 2024-11-24 21:21:01,042 basehttp "GET /static/admin/img/icon-viewlink.svg HTTP/1.1" 200 581
INFO 2024-11-24 21:21:01,042 basehttp "GET /static/admin/img/icon-no.svg HTTP/1.1" 200 560
INFO 2024-11-24 21:21:09,357 basehttp "GET /admin/django_celery_beat/periodictask/1/change/ HTTP/1.1" 200 39480
INFO 2024-11-24 21:21:09,386 basehttp "GET /admin/jsi18n/ HTTP/1.1" 200 3342
INFO 2024-11-24 21:21:09,490 basehttp "GET /static/admin/img/icon-clock.svg HTTP/1.1" 200 677
INFO 2024-11-24 21:21:18,126 basehttp "GET /admin/django_celery_beat/solarschedule/ HTTP/1.1" 200 13452
INFO 2024-11-24 21:21:18,156 basehttp "GET /admin/jsi18n/ HTTP/1.1" 200 3342
INFO 2024-11-24 21:21:21,266 basehttp "GET /admin/django_celery_beat/intervalschedule/ HTTP/1.1" 200 13443
INFO 2024-11-24 21:21:21,286 basehttp "GET /admin/jsi18n/ HTTP/1.1" 200 3342
INFO 2024-11-24 21:21:22,933 basehttp "GET /admin/django_celery_beat/crontabschedule/ HTTP/1.1" 200 15444
INFO 2024-11-24 21:21:22,963 basehttp "GET /admin/jsi18n/ HTTP/1.1" 200 3342
INFO 2024-11-24 21:21:24,852 basehttp "GET /admin/django_celery_beat/crontabschedule/1/change/ HTTP/1.1" 200 58960
INFO 2024-11-24 21:21:24,877 basehttp "GET /admin/jsi18n/ HTTP/1.1" 200 3342
INFO 2024-11-24 21:21:24,896 basehttp "GET /static/admin/img/icon-unknown.svg HTTP/1.1" 200 655
INFO 2024-11-24 21:21:24,925 basehttp "GET /static/admin/js/inlines.js HTTP/1.1" 200 15526
INFO 2024-11-24 21:21:36,338 basehttp "GET /admin/django_celery_beat/clockedschedule/ HTTP/1.1" 200 13434
INFO 2024-11-24 21:21:36,362 basehttp "GET /admin/jsi18n/ HTTP/1.1" 200 3342
INFO 2024-11-24 21:21:48,016 basehttp "GET /admin/django_celery_beat/clockedschedule/ HTTP/1.1" 200 13434
INFO 2024-11-24 21:21:48,040 basehttp "GET /admin/jsi18n/ HTTP/1.1" 200 3342
INFO 2024-11-24 21:21:49,547 basehttp "GET /admin/django_celery_beat/crontabschedule/ HTTP/1.1" 200 15444
INFO 2024-11-24 21:21:49,574 basehttp "GET /admin/jsi18n/ HTTP/1.1" 200 3342
INFO 2024-11-24 22:12:17,218 basehttp "GET /api/enrollments/ HTTP/1.1" 200 11881
INFO 2024-11-24 22:35:52,660 autoreload Watching for file changes with StatReloader
INFO 2024-11-24 22:35:55,245 basehttp "GET /api/enrollments/ HTTP/1.1" 200 11881
INFO 2024-11-24 22:36:18,557 autoreload C:\Users\User\Desktop\miniproject2\StudentManagement\StudentManagement\urls.py changed, reloading.
INFO 2024-11-24 22:36:19,691 autoreload Watching for file changes with StatReloader
INFO 2024-11-24 22:37:42,094 autoreload Watching for file changes with StatReloader
INFO 2024-11-24 22:37:47,058 basehttp "GET /swagger/ HTTP/1.1" 200 2452
INFO 2024-11-24 22:37:47,303 basehttp "GET /static/drf-yasg/style.css HTTP/1.1" 200 1047
INFO 2024-11-24 22:37:47,357 basehttp "GET /static/drf-yasg/swagger-ui-dist/swagger-ui.css HTTP/1.1" 200 145206
INFO 2024-11-24 22:37:47,421 basehttp "GET /static/drf-yasg/insQ.min.js HTTP/1.1" 200 2093
INFO 2024-11-24 22:37:47,439 basehttp "GET /static/drf-yasg/swagger-ui-init.js HTTP/1.1" 200 15480
INFO 2024-11-24 22:37:47,487 basehttp "GET /static/drf-yasg/immutable.min.js HTTP/1.1" 200 56904
INFO 2024-11-24 22:37:49,173 basehttp "GET /static/drf-yasg/swagger-ui-dist/swagger-ui-standalone-preset.js HTTP/1.1" 200 322863
INFO 2024-11-24 22:37:50,231 basehttp "GET /static/drf-yasg/swagger-ui-dist/swagger-ui-bundle.js HTTP/1.1" 200 1046583
INFO 2024-11-24 22:37:50,483 basehttp "GET /static/drf-yasg/swagger-ui-dist/favicon-32x32.png HTTP/1.1" 200 628
ERROR 2024-11-24 22:37:50,506 log Internal Server Error: /swagger/
Traceback (most recent call last):
  File "C:\Users\User\Desktop\miniproject2\myvenv\Lib\site-packages\django\core\handlers\exception.py", line 55, in inner
    response = get_response(request)
               ^^^^^^^^^^^^^^^^^^^^^
  File "C:\Users\User\Desktop\miniproject2\myvenv\Lib\site-packages\django\core\handlers\base.py", line 197, in _get_response
    response = wrapped_callback(request, *callback_args, **callback_kwargs)
               ^^^^^^^^^^^^^^^^^^^^^^^^^^^^^^^^^^^^^^^^^^^^^^^^^^^^^^^^^^^^
  File "C:\Users\User\Desktop\miniproject2\myvenv\Lib\site-packages\django\views\decorators\csrf.py", line 65, in _view_wrapper
    return view_func(request, *args, **kwargs)
           ^^^^^^^^^^^^^^^^^^^^^^^^^^^^^^^^^^^
  File "C:\Users\User\Desktop\miniproject2\myvenv\Lib\site-packages\django\views\generic\base.py", line 104, in view
    return self.dispatch(request, *args, **kwargs)
           ^^^^^^^^^^^^^^^^^^^^^^^^^^^^^^^^^^^^^^^
  File "C:\Users\User\Desktop\miniproject2\myvenv\Lib\site-packages\rest_framework\views.py", line 509, in dispatch
    response = self.handle_exception(exc)
               ^^^^^^^^^^^^^^^^^^^^^^^^^^
  File "C:\Users\User\Desktop\miniproject2\myvenv\Lib\site-packages\rest_framework\views.py", line 469, in handle_exception
    self.raise_uncaught_exception(exc)
  File "C:\Users\User\Desktop\miniproject2\myvenv\Lib\site-packages\rest_framework\views.py", line 480, in raise_uncaught_exception
    raise exc
  File "C:\Users\User\Desktop\miniproject2\myvenv\Lib\site-packages\rest_framework\views.py", line 506, in dispatch
    response = handler(request, *args, **kwargs)
               ^^^^^^^^^^^^^^^^^^^^^^^^^^^^^^^^^
  File "C:\Users\User\Desktop\miniproject2\myvenv\Lib\site-packages\drf_yasg\views.py", line 96, in get
    schema = generator.get_schema(request, self.public)
             ^^^^^^^^^^^^^^^^^^^^^^^^^^^^^^^^^^^^^^^^^^
  File "C:\Users\User\Desktop\miniproject2\myvenv\Lib\site-packages\drf_yasg\generators.py", line 276, in get_schema
    paths, prefix = self.get_paths(endpoints, components, request, public)
                    ^^^^^^^^^^^^^^^^^^^^^^^^^^^^^^^^^^^^^^^^^^^^^^^^^^^^^^
  File "C:\Users\User\Desktop\miniproject2\myvenv\Lib\site-packages\drf_yasg\generators.py", line 482, in get_paths
    operation = self.get_operation(view, path, prefix, method, components, request)
                ^^^^^^^^^^^^^^^^^^^^^^^^^^^^^^^^^^^^^^^^^^^^^^^^^^^^^^^^^^^^^^^^^^^
  File "C:\Users\User\Desktop\miniproject2\myvenv\Lib\site-packages\drf_yasg\generators.py", line 524, in get_operation
    operation = view_inspector.get_operation(operation_keys)
                ^^^^^^^^^^^^^^^^^^^^^^^^^^^^^^^^^^^^^^^^^^^^
  File "C:\Users\User\Desktop\miniproject2\myvenv\Lib\site-packages\drf_yasg\inspectors\view.py", line 45, in get_operation
    responses = self.get_responses()
                ^^^^^^^^^^^^^^^^^^^^
  File "C:\Users\User\Desktop\miniproject2\myvenv\Lib\site-packages\drf_yasg\inspectors\view.py", line 182, in get_responses
    responses=self.get_response_schemas(response_serializers)
              ^^^^^^^^^^^^^^^^^^^^^^^^^^^^^^^^^^^^^^^^^^^^^^^
  File "C:\Users\User\Desktop\miniproject2\myvenv\Lib\site-packages\drf_yasg\inspectors\view.py", line 271, in get_response_schemas
    schema=self.serializer_to_schema(serializer),
           ^^^^^^^^^^^^^^^^^^^^^^^^^^^^^^^^^^^^^
  File "C:\Users\User\Desktop\miniproject2\myvenv\Lib\site-packages\drf_yasg\inspectors\base.py", line 438, in serializer_to_schema
    return self.probe_inspectors(
           ^^^^^^^^^^^^^^^^^^^^^^
  File "C:\Users\User\Desktop\miniproject2\myvenv\Lib\site-packages\drf_yasg\inspectors\base.py", line 110, in probe_inspectors
    result = method(obj, **kwargs)
             ^^^^^^^^^^^^^^^^^^^^^
  File "C:\Users\User\Desktop\miniproject2\myvenv\Lib\site-packages\drf_yasg\inspectors\field.py", line 42, in get_schema
    return self.probe_field_inspectors(serializer, openapi.Schema, self.use_definitions)
           ^^^^^^^^^^^^^^^^^^^^^^^^^^^^^^^^^^^^^^^^^^^^^^^^^^^^^^^^^^^^^^^^^^^^^^^^^^^^^
  File "C:\Users\User\Desktop\miniproject2\myvenv\Lib\site-packages\drf_yasg\inspectors\base.py", line 228, in probe_field_inspectors
    return self.probe_inspectors(
           ^^^^^^^^^^^^^^^^^^^^^^
  File "C:\Users\User\Desktop\miniproject2\myvenv\Lib\site-packages\drf_yasg\inspectors\base.py", line 110, in probe_inspectors
    result = method(obj, **kwargs)
             ^^^^^^^^^^^^^^^^^^^^^
  File "C:\Users\User\Desktop\miniproject2\myvenv\Lib\site-packages\drf_yasg\inspectors\field.py", line 86, in field_to_swagger_object
    child_schema = self.probe_field_inspectors(field.child, ChildSwaggerType, use_references)
                   ^^^^^^^^^^^^^^^^^^^^^^^^^^^^^^^^^^^^^^^^^^^^^^^^^^^^^^^^^^^^^^^^^^^^^^^^^^
  File "C:\Users\User\Desktop\miniproject2\myvenv\Lib\site-packages\drf_yasg\inspectors\base.py", line 228, in probe_field_inspectors
    return self.probe_inspectors(
           ^^^^^^^^^^^^^^^^^^^^^^
  File "C:\Users\User\Desktop\miniproject2\myvenv\Lib\site-packages\drf_yasg\inspectors\base.py", line 110, in probe_inspectors
    result = method(obj, **kwargs)
             ^^^^^^^^^^^^^^^^^^^^^
  File "C:\Users\User\Desktop\miniproject2\myvenv\Lib\site-packages\drf_yasg\inspectors\field.py", line 141, in field_to_swagger_object
    raise SwaggerGenerationError(
drf_yasg.errors.SwaggerGenerationError: Schema for <class 'djoser.serializers.UserSerializer'> would override distinct serializer <class 'users.serializers.UserSerializer'> because they implicitly share the same ref_name; explicitly set the ref_name attribute on both serializers' Meta classes
ERROR 2024-11-24 22:37:50,520 basehttp "GET /swagger/?format=openapi HTTP/1.1" 500 216776
INFO 2024-11-24 22:38:48,143 basehttp "GET /openapi HTTP/1.1" 301 0
ERROR 2024-11-24 22:38:48,259 log Internal Server Error: /openapi/
Traceback (most recent call last):
  File "C:\Users\User\Desktop\miniproject2\myvenv\Lib\site-packages\django\core\handlers\exception.py", line 55, in inner
    response = get_response(request)
               ^^^^^^^^^^^^^^^^^^^^^
  File "C:\Users\User\Desktop\miniproject2\myvenv\Lib\site-packages\django\core\handlers\base.py", line 197, in _get_response
    response = wrapped_callback(request, *callback_args, **callback_kwargs)
               ^^^^^^^^^^^^^^^^^^^^^^^^^^^^^^^^^^^^^^^^^^^^^^^^^^^^^^^^^^^^
  File "C:\Users\User\Desktop\miniproject2\myvenv\Lib\site-packages\django\views\decorators\csrf.py", line 65, in _view_wrapper
    return view_func(request, *args, **kwargs)
           ^^^^^^^^^^^^^^^^^^^^^^^^^^^^^^^^^^^
  File "C:\Users\User\Desktop\miniproject2\myvenv\Lib\site-packages\django\views\generic\base.py", line 104, in view
    return self.dispatch(request, *args, **kwargs)
           ^^^^^^^^^^^^^^^^^^^^^^^^^^^^^^^^^^^^^^^
  File "C:\Users\User\Desktop\miniproject2\myvenv\Lib\site-packages\rest_framework\views.py", line 509, in dispatch
    response = self.handle_exception(exc)
               ^^^^^^^^^^^^^^^^^^^^^^^^^^
  File "C:\Users\User\Desktop\miniproject2\myvenv\Lib\site-packages\rest_framework\views.py", line 469, in handle_exception
    self.raise_uncaught_exception(exc)
  File "C:\Users\User\Desktop\miniproject2\myvenv\Lib\site-packages\rest_framework\views.py", line 480, in raise_uncaught_exception
    raise exc
  File "C:\Users\User\Desktop\miniproject2\myvenv\Lib\site-packages\rest_framework\views.py", line 506, in dispatch
    response = handler(request, *args, **kwargs)
               ^^^^^^^^^^^^^^^^^^^^^^^^^^^^^^^^^
  File "C:\Users\User\Desktop\miniproject2\myvenv\Lib\site-packages\drf_yasg\views.py", line 96, in get
    schema = generator.get_schema(request, self.public)
             ^^^^^^^^^^^^^^^^^^^^^^^^^^^^^^^^^^^^^^^^^^
  File "C:\Users\User\Desktop\miniproject2\myvenv\Lib\site-packages\drf_yasg\generators.py", line 276, in get_schema
    paths, prefix = self.get_paths(endpoints, components, request, public)
                    ^^^^^^^^^^^^^^^^^^^^^^^^^^^^^^^^^^^^^^^^^^^^^^^^^^^^^^
  File "C:\Users\User\Desktop\miniproject2\myvenv\Lib\site-packages\drf_yasg\generators.py", line 482, in get_paths
    operation = self.get_operation(view, path, prefix, method, components, request)
                ^^^^^^^^^^^^^^^^^^^^^^^^^^^^^^^^^^^^^^^^^^^^^^^^^^^^^^^^^^^^^^^^^^^
  File "C:\Users\User\Desktop\miniproject2\myvenv\Lib\site-packages\drf_yasg\generators.py", line 524, in get_operation
    operation = view_inspector.get_operation(operation_keys)
                ^^^^^^^^^^^^^^^^^^^^^^^^^^^^^^^^^^^^^^^^^^^^
  File "C:\Users\User\Desktop\miniproject2\myvenv\Lib\site-packages\drf_yasg\inspectors\view.py", line 45, in get_operation
    responses = self.get_responses()
                ^^^^^^^^^^^^^^^^^^^^
  File "C:\Users\User\Desktop\miniproject2\myvenv\Lib\site-packages\drf_yasg\inspectors\view.py", line 182, in get_responses
    responses=self.get_response_schemas(response_serializers)
              ^^^^^^^^^^^^^^^^^^^^^^^^^^^^^^^^^^^^^^^^^^^^^^^
  File "C:\Users\User\Desktop\miniproject2\myvenv\Lib\site-packages\drf_yasg\inspectors\view.py", line 271, in get_response_schemas
    schema=self.serializer_to_schema(serializer),
           ^^^^^^^^^^^^^^^^^^^^^^^^^^^^^^^^^^^^^
  File "C:\Users\User\Desktop\miniproject2\myvenv\Lib\site-packages\drf_yasg\inspectors\base.py", line 438, in serializer_to_schema
    return self.probe_inspectors(
           ^^^^^^^^^^^^^^^^^^^^^^
  File "C:\Users\User\Desktop\miniproject2\myvenv\Lib\site-packages\drf_yasg\inspectors\base.py", line 110, in probe_inspectors
    result = method(obj, **kwargs)
             ^^^^^^^^^^^^^^^^^^^^^
  File "C:\Users\User\Desktop\miniproject2\myvenv\Lib\site-packages\drf_yasg\inspectors\field.py", line 42, in get_schema
    return self.probe_field_inspectors(serializer, openapi.Schema, self.use_definitions)
           ^^^^^^^^^^^^^^^^^^^^^^^^^^^^^^^^^^^^^^^^^^^^^^^^^^^^^^^^^^^^^^^^^^^^^^^^^^^^^
  File "C:\Users\User\Desktop\miniproject2\myvenv\Lib\site-packages\drf_yasg\inspectors\base.py", line 228, in probe_field_inspectors
    return self.probe_inspectors(
           ^^^^^^^^^^^^^^^^^^^^^^
  File "C:\Users\User\Desktop\miniproject2\myvenv\Lib\site-packages\drf_yasg\inspectors\base.py", line 110, in probe_inspectors
    result = method(obj, **kwargs)
             ^^^^^^^^^^^^^^^^^^^^^
  File "C:\Users\User\Desktop\miniproject2\myvenv\Lib\site-packages\drf_yasg\inspectors\field.py", line 86, in field_to_swagger_object
    child_schema = self.probe_field_inspectors(field.child, ChildSwaggerType, use_references)
                   ^^^^^^^^^^^^^^^^^^^^^^^^^^^^^^^^^^^^^^^^^^^^^^^^^^^^^^^^^^^^^^^^^^^^^^^^^^
  File "C:\Users\User\Desktop\miniproject2\myvenv\Lib\site-packages\drf_yasg\inspectors\base.py", line 228, in probe_field_inspectors
    return self.probe_inspectors(
           ^^^^^^^^^^^^^^^^^^^^^^
  File "C:\Users\User\Desktop\miniproject2\myvenv\Lib\site-packages\drf_yasg\inspectors\base.py", line 110, in probe_inspectors
    result = method(obj, **kwargs)
             ^^^^^^^^^^^^^^^^^^^^^
  File "C:\Users\User\Desktop\miniproject2\myvenv\Lib\site-packages\drf_yasg\inspectors\field.py", line 141, in field_to_swagger_object
    raise SwaggerGenerationError(
drf_yasg.errors.SwaggerGenerationError: Schema for <class 'djoser.serializers.UserSerializer'> would override distinct serializer <class 'users.serializers.UserSerializer'> because they implicitly share the same ref_name; explicitly set the ref_name attribute on both serializers' Meta classes
ERROR 2024-11-24 22:38:48,264 basehttp "GET /openapi/ HTTP/1.1" 500 216153
INFO 2024-11-24 22:39:44,631 basehttp "GET /swagger HTTP/1.1" 301 0
INFO 2024-11-24 22:39:44,644 basehttp "GET /swagger/ HTTP/1.1" 200 2452
ERROR 2024-11-24 22:39:44,907 log Internal Server Error: /swagger/
Traceback (most recent call last):
  File "C:\Users\User\Desktop\miniproject2\myvenv\Lib\site-packages\django\core\handlers\exception.py", line 55, in inner
    response = get_response(request)
               ^^^^^^^^^^^^^^^^^^^^^
  File "C:\Users\User\Desktop\miniproject2\myvenv\Lib\site-packages\django\core\handlers\base.py", line 197, in _get_response
    response = wrapped_callback(request, *callback_args, **callback_kwargs)
               ^^^^^^^^^^^^^^^^^^^^^^^^^^^^^^^^^^^^^^^^^^^^^^^^^^^^^^^^^^^^
  File "C:\Users\User\Desktop\miniproject2\myvenv\Lib\site-packages\django\views\decorators\csrf.py", line 65, in _view_wrapper
    return view_func(request, *args, **kwargs)
           ^^^^^^^^^^^^^^^^^^^^^^^^^^^^^^^^^^^
  File "C:\Users\User\Desktop\miniproject2\myvenv\Lib\site-packages\django\views\generic\base.py", line 104, in view
    return self.dispatch(request, *args, **kwargs)
           ^^^^^^^^^^^^^^^^^^^^^^^^^^^^^^^^^^^^^^^
  File "C:\Users\User\Desktop\miniproject2\myvenv\Lib\site-packages\rest_framework\views.py", line 509, in dispatch
    response = self.handle_exception(exc)
               ^^^^^^^^^^^^^^^^^^^^^^^^^^
  File "C:\Users\User\Desktop\miniproject2\myvenv\Lib\site-packages\rest_framework\views.py", line 469, in handle_exception
    self.raise_uncaught_exception(exc)
  File "C:\Users\User\Desktop\miniproject2\myvenv\Lib\site-packages\rest_framework\views.py", line 480, in raise_uncaught_exception
    raise exc
  File "C:\Users\User\Desktop\miniproject2\myvenv\Lib\site-packages\rest_framework\views.py", line 506, in dispatch
    response = handler(request, *args, **kwargs)
               ^^^^^^^^^^^^^^^^^^^^^^^^^^^^^^^^^
  File "C:\Users\User\Desktop\miniproject2\myvenv\Lib\site-packages\drf_yasg\views.py", line 96, in get
    schema = generator.get_schema(request, self.public)
             ^^^^^^^^^^^^^^^^^^^^^^^^^^^^^^^^^^^^^^^^^^
  File "C:\Users\User\Desktop\miniproject2\myvenv\Lib\site-packages\drf_yasg\generators.py", line 276, in get_schema
    paths, prefix = self.get_paths(endpoints, components, request, public)
                    ^^^^^^^^^^^^^^^^^^^^^^^^^^^^^^^^^^^^^^^^^^^^^^^^^^^^^^
  File "C:\Users\User\Desktop\miniproject2\myvenv\Lib\site-packages\drf_yasg\generators.py", line 482, in get_paths
    operation = self.get_operation(view, path, prefix, method, components, request)
                ^^^^^^^^^^^^^^^^^^^^^^^^^^^^^^^^^^^^^^^^^^^^^^^^^^^^^^^^^^^^^^^^^^^
  File "C:\Users\User\Desktop\miniproject2\myvenv\Lib\site-packages\drf_yasg\generators.py", line 524, in get_operation
    operation = view_inspector.get_operation(operation_keys)
                ^^^^^^^^^^^^^^^^^^^^^^^^^^^^^^^^^^^^^^^^^^^^
  File "C:\Users\User\Desktop\miniproject2\myvenv\Lib\site-packages\drf_yasg\inspectors\view.py", line 45, in get_operation
    responses = self.get_responses()
                ^^^^^^^^^^^^^^^^^^^^
  File "C:\Users\User\Desktop\miniproject2\myvenv\Lib\site-packages\drf_yasg\inspectors\view.py", line 182, in get_responses
    responses=self.get_response_schemas(response_serializers)
              ^^^^^^^^^^^^^^^^^^^^^^^^^^^^^^^^^^^^^^^^^^^^^^^
  File "C:\Users\User\Desktop\miniproject2\myvenv\Lib\site-packages\drf_yasg\inspectors\view.py", line 271, in get_response_schemas
    schema=self.serializer_to_schema(serializer),
           ^^^^^^^^^^^^^^^^^^^^^^^^^^^^^^^^^^^^^
  File "C:\Users\User\Desktop\miniproject2\myvenv\Lib\site-packages\drf_yasg\inspectors\base.py", line 438, in serializer_to_schema
    return self.probe_inspectors(
           ^^^^^^^^^^^^^^^^^^^^^^
  File "C:\Users\User\Desktop\miniproject2\myvenv\Lib\site-packages\drf_yasg\inspectors\base.py", line 110, in probe_inspectors
    result = method(obj, **kwargs)
             ^^^^^^^^^^^^^^^^^^^^^
  File "C:\Users\User\Desktop\miniproject2\myvenv\Lib\site-packages\drf_yasg\inspectors\field.py", line 42, in get_schema
    return self.probe_field_inspectors(serializer, openapi.Schema, self.use_definitions)
           ^^^^^^^^^^^^^^^^^^^^^^^^^^^^^^^^^^^^^^^^^^^^^^^^^^^^^^^^^^^^^^^^^^^^^^^^^^^^^
  File "C:\Users\User\Desktop\miniproject2\myvenv\Lib\site-packages\drf_yasg\inspectors\base.py", line 228, in probe_field_inspectors
    return self.probe_inspectors(
           ^^^^^^^^^^^^^^^^^^^^^^
  File "C:\Users\User\Desktop\miniproject2\myvenv\Lib\site-packages\drf_yasg\inspectors\base.py", line 110, in probe_inspectors
    result = method(obj, **kwargs)
             ^^^^^^^^^^^^^^^^^^^^^
  File "C:\Users\User\Desktop\miniproject2\myvenv\Lib\site-packages\drf_yasg\inspectors\field.py", line 86, in field_to_swagger_object
    child_schema = self.probe_field_inspectors(field.child, ChildSwaggerType, use_references)
                   ^^^^^^^^^^^^^^^^^^^^^^^^^^^^^^^^^^^^^^^^^^^^^^^^^^^^^^^^^^^^^^^^^^^^^^^^^^
  File "C:\Users\User\Desktop\miniproject2\myvenv\Lib\site-packages\drf_yasg\inspectors\base.py", line 228, in probe_field_inspectors
    return self.probe_inspectors(
           ^^^^^^^^^^^^^^^^^^^^^^
  File "C:\Users\User\Desktop\miniproject2\myvenv\Lib\site-packages\drf_yasg\inspectors\base.py", line 110, in probe_inspectors
    result = method(obj, **kwargs)
             ^^^^^^^^^^^^^^^^^^^^^
  File "C:\Users\User\Desktop\miniproject2\myvenv\Lib\site-packages\drf_yasg\inspectors\field.py", line 141, in field_to_swagger_object
    raise SwaggerGenerationError(
drf_yasg.errors.SwaggerGenerationError: Schema for <class 'djoser.serializers.UserSerializer'> would override distinct serializer <class 'users.serializers.UserSerializer'> because they implicitly share the same ref_name; explicitly set the ref_name attribute on both serializers' Meta classes
ERROR 2024-11-24 22:39:44,928 basehttp "GET /swagger/?format=openapi HTTP/1.1" 500 216776
ERROR 2024-11-24 22:39:50,113 log Internal Server Error: /swagger/
Traceback (most recent call last):
  File "C:\Users\User\Desktop\miniproject2\myvenv\Lib\site-packages\django\core\handlers\exception.py", line 55, in inner
    response = get_response(request)
               ^^^^^^^^^^^^^^^^^^^^^
  File "C:\Users\User\Desktop\miniproject2\myvenv\Lib\site-packages\django\core\handlers\base.py", line 197, in _get_response
    response = wrapped_callback(request, *callback_args, **callback_kwargs)
               ^^^^^^^^^^^^^^^^^^^^^^^^^^^^^^^^^^^^^^^^^^^^^^^^^^^^^^^^^^^^
  File "C:\Users\User\Desktop\miniproject2\myvenv\Lib\site-packages\django\views\decorators\csrf.py", line 65, in _view_wrapper
    return view_func(request, *args, **kwargs)
           ^^^^^^^^^^^^^^^^^^^^^^^^^^^^^^^^^^^
  File "C:\Users\User\Desktop\miniproject2\myvenv\Lib\site-packages\django\views\generic\base.py", line 104, in view
    return self.dispatch(request, *args, **kwargs)
           ^^^^^^^^^^^^^^^^^^^^^^^^^^^^^^^^^^^^^^^
  File "C:\Users\User\Desktop\miniproject2\myvenv\Lib\site-packages\rest_framework\views.py", line 509, in dispatch
    response = self.handle_exception(exc)
               ^^^^^^^^^^^^^^^^^^^^^^^^^^
  File "C:\Users\User\Desktop\miniproject2\myvenv\Lib\site-packages\rest_framework\views.py", line 469, in handle_exception
    self.raise_uncaught_exception(exc)
  File "C:\Users\User\Desktop\miniproject2\myvenv\Lib\site-packages\rest_framework\views.py", line 480, in raise_uncaught_exception
    raise exc
  File "C:\Users\User\Desktop\miniproject2\myvenv\Lib\site-packages\rest_framework\views.py", line 506, in dispatch
    response = handler(request, *args, **kwargs)
               ^^^^^^^^^^^^^^^^^^^^^^^^^^^^^^^^^
  File "C:\Users\User\Desktop\miniproject2\myvenv\Lib\site-packages\drf_yasg\views.py", line 96, in get
    schema = generator.get_schema(request, self.public)
             ^^^^^^^^^^^^^^^^^^^^^^^^^^^^^^^^^^^^^^^^^^
  File "C:\Users\User\Desktop\miniproject2\myvenv\Lib\site-packages\drf_yasg\generators.py", line 276, in get_schema
    paths, prefix = self.get_paths(endpoints, components, request, public)
                    ^^^^^^^^^^^^^^^^^^^^^^^^^^^^^^^^^^^^^^^^^^^^^^^^^^^^^^
  File "C:\Users\User\Desktop\miniproject2\myvenv\Lib\site-packages\drf_yasg\generators.py", line 482, in get_paths
    operation = self.get_operation(view, path, prefix, method, components, request)
                ^^^^^^^^^^^^^^^^^^^^^^^^^^^^^^^^^^^^^^^^^^^^^^^^^^^^^^^^^^^^^^^^^^^
  File "C:\Users\User\Desktop\miniproject2\myvenv\Lib\site-packages\drf_yasg\generators.py", line 524, in get_operation
    operation = view_inspector.get_operation(operation_keys)
                ^^^^^^^^^^^^^^^^^^^^^^^^^^^^^^^^^^^^^^^^^^^^
  File "C:\Users\User\Desktop\miniproject2\myvenv\Lib\site-packages\drf_yasg\inspectors\view.py", line 45, in get_operation
    responses = self.get_responses()
                ^^^^^^^^^^^^^^^^^^^^
  File "C:\Users\User\Desktop\miniproject2\myvenv\Lib\site-packages\drf_yasg\inspectors\view.py", line 182, in get_responses
    responses=self.get_response_schemas(response_serializers)
              ^^^^^^^^^^^^^^^^^^^^^^^^^^^^^^^^^^^^^^^^^^^^^^^
  File "C:\Users\User\Desktop\miniproject2\myvenv\Lib\site-packages\drf_yasg\inspectors\view.py", line 271, in get_response_schemas
    schema=self.serializer_to_schema(serializer),
           ^^^^^^^^^^^^^^^^^^^^^^^^^^^^^^^^^^^^^
  File "C:\Users\User\Desktop\miniproject2\myvenv\Lib\site-packages\drf_yasg\inspectors\base.py", line 438, in serializer_to_schema
    return self.probe_inspectors(
           ^^^^^^^^^^^^^^^^^^^^^^
  File "C:\Users\User\Desktop\miniproject2\myvenv\Lib\site-packages\drf_yasg\inspectors\base.py", line 110, in probe_inspectors
    result = method(obj, **kwargs)
             ^^^^^^^^^^^^^^^^^^^^^
  File "C:\Users\User\Desktop\miniproject2\myvenv\Lib\site-packages\drf_yasg\inspectors\field.py", line 42, in get_schema
    return self.probe_field_inspectors(serializer, openapi.Schema, self.use_definitions)
           ^^^^^^^^^^^^^^^^^^^^^^^^^^^^^^^^^^^^^^^^^^^^^^^^^^^^^^^^^^^^^^^^^^^^^^^^^^^^^
  File "C:\Users\User\Desktop\miniproject2\myvenv\Lib\site-packages\drf_yasg\inspectors\base.py", line 228, in probe_field_inspectors
    return self.probe_inspectors(
           ^^^^^^^^^^^^^^^^^^^^^^
  File "C:\Users\User\Desktop\miniproject2\myvenv\Lib\site-packages\drf_yasg\inspectors\base.py", line 110, in probe_inspectors
    result = method(obj, **kwargs)
             ^^^^^^^^^^^^^^^^^^^^^
  File "C:\Users\User\Desktop\miniproject2\myvenv\Lib\site-packages\drf_yasg\inspectors\field.py", line 86, in field_to_swagger_object
    child_schema = self.probe_field_inspectors(field.child, ChildSwaggerType, use_references)
                   ^^^^^^^^^^^^^^^^^^^^^^^^^^^^^^^^^^^^^^^^^^^^^^^^^^^^^^^^^^^^^^^^^^^^^^^^^^
  File "C:\Users\User\Desktop\miniproject2\myvenv\Lib\site-packages\drf_yasg\inspectors\base.py", line 228, in probe_field_inspectors
    return self.probe_inspectors(
           ^^^^^^^^^^^^^^^^^^^^^^
  File "C:\Users\User\Desktop\miniproject2\myvenv\Lib\site-packages\drf_yasg\inspectors\base.py", line 110, in probe_inspectors
    result = method(obj, **kwargs)
             ^^^^^^^^^^^^^^^^^^^^^
  File "C:\Users\User\Desktop\miniproject2\myvenv\Lib\site-packages\drf_yasg\inspectors\field.py", line 141, in field_to_swagger_object
    raise SwaggerGenerationError(
drf_yasg.errors.SwaggerGenerationError: Schema for <class 'djoser.serializers.UserSerializer'> would override distinct serializer <class 'users.serializers.UserSerializer'> because they implicitly share the same ref_name; explicitly set the ref_name attribute on both serializers' Meta classes
ERROR 2024-11-24 22:39:50,134 basehttp "GET /swagger/?format=openapi HTTP/1.1" 500 216776
ERROR 2024-11-24 22:39:58,751 log Internal Server Error: /swagger/
Traceback (most recent call last):
  File "C:\Users\User\Desktop\miniproject2\myvenv\Lib\site-packages\django\core\handlers\exception.py", line 55, in inner
    response = get_response(request)
               ^^^^^^^^^^^^^^^^^^^^^
  File "C:\Users\User\Desktop\miniproject2\myvenv\Lib\site-packages\django\core\handlers\base.py", line 197, in _get_response
    response = wrapped_callback(request, *callback_args, **callback_kwargs)
               ^^^^^^^^^^^^^^^^^^^^^^^^^^^^^^^^^^^^^^^^^^^^^^^^^^^^^^^^^^^^
  File "C:\Users\User\Desktop\miniproject2\myvenv\Lib\site-packages\django\views\decorators\csrf.py", line 65, in _view_wrapper
    return view_func(request, *args, **kwargs)
           ^^^^^^^^^^^^^^^^^^^^^^^^^^^^^^^^^^^
  File "C:\Users\User\Desktop\miniproject2\myvenv\Lib\site-packages\django\views\generic\base.py", line 104, in view
    return self.dispatch(request, *args, **kwargs)
           ^^^^^^^^^^^^^^^^^^^^^^^^^^^^^^^^^^^^^^^
  File "C:\Users\User\Desktop\miniproject2\myvenv\Lib\site-packages\rest_framework\views.py", line 509, in dispatch
    response = self.handle_exception(exc)
               ^^^^^^^^^^^^^^^^^^^^^^^^^^
  File "C:\Users\User\Desktop\miniproject2\myvenv\Lib\site-packages\rest_framework\views.py", line 469, in handle_exception
    self.raise_uncaught_exception(exc)
  File "C:\Users\User\Desktop\miniproject2\myvenv\Lib\site-packages\rest_framework\views.py", line 480, in raise_uncaught_exception
    raise exc
  File "C:\Users\User\Desktop\miniproject2\myvenv\Lib\site-packages\rest_framework\views.py", line 506, in dispatch
    response = handler(request, *args, **kwargs)
               ^^^^^^^^^^^^^^^^^^^^^^^^^^^^^^^^^
  File "C:\Users\User\Desktop\miniproject2\myvenv\Lib\site-packages\drf_yasg\views.py", line 96, in get
    schema = generator.get_schema(request, self.public)
             ^^^^^^^^^^^^^^^^^^^^^^^^^^^^^^^^^^^^^^^^^^
  File "C:\Users\User\Desktop\miniproject2\myvenv\Lib\site-packages\drf_yasg\generators.py", line 276, in get_schema
    paths, prefix = self.get_paths(endpoints, components, request, public)
                    ^^^^^^^^^^^^^^^^^^^^^^^^^^^^^^^^^^^^^^^^^^^^^^^^^^^^^^
  File "C:\Users\User\Desktop\miniproject2\myvenv\Lib\site-packages\drf_yasg\generators.py", line 482, in get_paths
    operation = self.get_operation(view, path, prefix, method, components, request)
                ^^^^^^^^^^^^^^^^^^^^^^^^^^^^^^^^^^^^^^^^^^^^^^^^^^^^^^^^^^^^^^^^^^^
  File "C:\Users\User\Desktop\miniproject2\myvenv\Lib\site-packages\drf_yasg\generators.py", line 524, in get_operation
    operation = view_inspector.get_operation(operation_keys)
                ^^^^^^^^^^^^^^^^^^^^^^^^^^^^^^^^^^^^^^^^^^^^
  File "C:\Users\User\Desktop\miniproject2\myvenv\Lib\site-packages\drf_yasg\inspectors\view.py", line 45, in get_operation
    responses = self.get_responses()
                ^^^^^^^^^^^^^^^^^^^^
  File "C:\Users\User\Desktop\miniproject2\myvenv\Lib\site-packages\drf_yasg\inspectors\view.py", line 182, in get_responses
    responses=self.get_response_schemas(response_serializers)
              ^^^^^^^^^^^^^^^^^^^^^^^^^^^^^^^^^^^^^^^^^^^^^^^
  File "C:\Users\User\Desktop\miniproject2\myvenv\Lib\site-packages\drf_yasg\inspectors\view.py", line 271, in get_response_schemas
    schema=self.serializer_to_schema(serializer),
           ^^^^^^^^^^^^^^^^^^^^^^^^^^^^^^^^^^^^^
  File "C:\Users\User\Desktop\miniproject2\myvenv\Lib\site-packages\drf_yasg\inspectors\base.py", line 438, in serializer_to_schema
    return self.probe_inspectors(
           ^^^^^^^^^^^^^^^^^^^^^^
  File "C:\Users\User\Desktop\miniproject2\myvenv\Lib\site-packages\drf_yasg\inspectors\base.py", line 110, in probe_inspectors
    result = method(obj, **kwargs)
             ^^^^^^^^^^^^^^^^^^^^^
  File "C:\Users\User\Desktop\miniproject2\myvenv\Lib\site-packages\drf_yasg\inspectors\field.py", line 42, in get_schema
    return self.probe_field_inspectors(serializer, openapi.Schema, self.use_definitions)
           ^^^^^^^^^^^^^^^^^^^^^^^^^^^^^^^^^^^^^^^^^^^^^^^^^^^^^^^^^^^^^^^^^^^^^^^^^^^^^
  File "C:\Users\User\Desktop\miniproject2\myvenv\Lib\site-packages\drf_yasg\inspectors\base.py", line 228, in probe_field_inspectors
    return self.probe_inspectors(
           ^^^^^^^^^^^^^^^^^^^^^^
  File "C:\Users\User\Desktop\miniproject2\myvenv\Lib\site-packages\drf_yasg\inspectors\base.py", line 110, in probe_inspectors
    result = method(obj, **kwargs)
             ^^^^^^^^^^^^^^^^^^^^^
  File "C:\Users\User\Desktop\miniproject2\myvenv\Lib\site-packages\drf_yasg\inspectors\field.py", line 86, in field_to_swagger_object
    child_schema = self.probe_field_inspectors(field.child, ChildSwaggerType, use_references)
                   ^^^^^^^^^^^^^^^^^^^^^^^^^^^^^^^^^^^^^^^^^^^^^^^^^^^^^^^^^^^^^^^^^^^^^^^^^^
  File "C:\Users\User\Desktop\miniproject2\myvenv\Lib\site-packages\drf_yasg\inspectors\base.py", line 228, in probe_field_inspectors
    return self.probe_inspectors(
           ^^^^^^^^^^^^^^^^^^^^^^
  File "C:\Users\User\Desktop\miniproject2\myvenv\Lib\site-packages\drf_yasg\inspectors\base.py", line 110, in probe_inspectors
    result = method(obj, **kwargs)
             ^^^^^^^^^^^^^^^^^^^^^
  File "C:\Users\User\Desktop\miniproject2\myvenv\Lib\site-packages\drf_yasg\inspectors\field.py", line 141, in field_to_swagger_object
    raise SwaggerGenerationError(
drf_yasg.errors.SwaggerGenerationError: Schema for <class 'djoser.serializers.UserSerializer'> would override distinct serializer <class 'users.serializers.UserSerializer'> because they implicitly share the same ref_name; explicitly set the ref_name attribute on both serializers' Meta classes
ERROR 2024-11-24 22:39:58,772 basehttp "GET /swagger/ HTTP/1.1" 500 216232
INFO 2024-11-24 22:42:26,082 autoreload Watching for file changes with StatReloader
INFO 2024-11-24 22:42:58,603 autoreload C:\Users\User\Desktop\miniproject2\StudentManagement\StudentManagement\settings.py changed, reloading.
INFO 2024-11-24 22:43:00,263 autoreload Watching for file changes with StatReloader
INFO 2024-11-24 22:43:01,024 basehttp "GET /swagger/ HTTP/1.1" 200 2452
INFO 2024-11-24 22:43:01,043 basehttp "GET /static/drf-yasg/style.css HTTP/1.1" 304 0
INFO 2024-11-24 22:43:01,056 basehttp "GET /static/drf-yasg/swagger-ui-dist/swagger-ui.css HTTP/1.1" 304 0
INFO 2024-11-24 22:43:01,057 basehttp "GET /static/drf-yasg/swagger-ui-dist/swagger-ui-bundle.js HTTP/1.1" 304 0
INFO 2024-11-24 22:43:01,060 basehttp "GET /static/drf-yasg/swagger-ui-dist/swagger-ui-standalone-preset.js HTTP/1.1" 304 0
INFO 2024-11-24 22:43:01,061 basehttp "GET /static/drf-yasg/insQ.min.js HTTP/1.1" 304 0
INFO 2024-11-24 22:43:01,061 basehttp "GET /static/drf-yasg/swagger-ui-init.js HTTP/1.1" 304 0
INFO 2024-11-24 22:43:01,062 basehttp "GET /static/drf-yasg/immutable.min.js HTTP/1.1" 304 0
INFO 2024-11-24 22:43:01,260 basehttp "GET /static/drf-yasg/swagger-ui-dist/favicon-32x32.png HTTP/1.1" 304 0
ERROR 2024-11-24 22:43:01,367 log Internal Server Error: /swagger/
Traceback (most recent call last):
  File "C:\Users\User\Desktop\miniproject2\myvenv\Lib\site-packages\django\core\handlers\exception.py", line 55, in inner
    response = get_response(request)
               ^^^^^^^^^^^^^^^^^^^^^
  File "C:\Users\User\Desktop\miniproject2\myvenv\Lib\site-packages\django\core\handlers\base.py", line 197, in _get_response
    response = wrapped_callback(request, *callback_args, **callback_kwargs)
               ^^^^^^^^^^^^^^^^^^^^^^^^^^^^^^^^^^^^^^^^^^^^^^^^^^^^^^^^^^^^
  File "C:\Users\User\Desktop\miniproject2\myvenv\Lib\site-packages\django\views\decorators\csrf.py", line 65, in _view_wrapper
    return view_func(request, *args, **kwargs)
           ^^^^^^^^^^^^^^^^^^^^^^^^^^^^^^^^^^^
  File "C:\Users\User\Desktop\miniproject2\myvenv\Lib\site-packages\django\views\generic\base.py", line 104, in view
    return self.dispatch(request, *args, **kwargs)
           ^^^^^^^^^^^^^^^^^^^^^^^^^^^^^^^^^^^^^^^
  File "C:\Users\User\Desktop\miniproject2\myvenv\Lib\site-packages\rest_framework\views.py", line 509, in dispatch
    response = self.handle_exception(exc)
               ^^^^^^^^^^^^^^^^^^^^^^^^^^
  File "C:\Users\User\Desktop\miniproject2\myvenv\Lib\site-packages\rest_framework\views.py", line 469, in handle_exception
    self.raise_uncaught_exception(exc)
  File "C:\Users\User\Desktop\miniproject2\myvenv\Lib\site-packages\rest_framework\views.py", line 480, in raise_uncaught_exception
    raise exc
  File "C:\Users\User\Desktop\miniproject2\myvenv\Lib\site-packages\rest_framework\views.py", line 506, in dispatch
    response = handler(request, *args, **kwargs)
               ^^^^^^^^^^^^^^^^^^^^^^^^^^^^^^^^^
  File "C:\Users\User\Desktop\miniproject2\myvenv\Lib\site-packages\drf_yasg\views.py", line 96, in get
    schema = generator.get_schema(request, self.public)
             ^^^^^^^^^^^^^^^^^^^^^^^^^^^^^^^^^^^^^^^^^^
  File "C:\Users\User\Desktop\miniproject2\myvenv\Lib\site-packages\drf_yasg\generators.py", line 276, in get_schema
    paths, prefix = self.get_paths(endpoints, components, request, public)
                    ^^^^^^^^^^^^^^^^^^^^^^^^^^^^^^^^^^^^^^^^^^^^^^^^^^^^^^
  File "C:\Users\User\Desktop\miniproject2\myvenv\Lib\site-packages\drf_yasg\generators.py", line 482, in get_paths
    operation = self.get_operation(view, path, prefix, method, components, request)
                ^^^^^^^^^^^^^^^^^^^^^^^^^^^^^^^^^^^^^^^^^^^^^^^^^^^^^^^^^^^^^^^^^^^
  File "C:\Users\User\Desktop\miniproject2\myvenv\Lib\site-packages\drf_yasg\generators.py", line 524, in get_operation
    operation = view_inspector.get_operation(operation_keys)
                ^^^^^^^^^^^^^^^^^^^^^^^^^^^^^^^^^^^^^^^^^^^^
  File "C:\Users\User\Desktop\miniproject2\myvenv\Lib\site-packages\drf_yasg\inspectors\view.py", line 45, in get_operation
    responses = self.get_responses()
                ^^^^^^^^^^^^^^^^^^^^
  File "C:\Users\User\Desktop\miniproject2\myvenv\Lib\site-packages\drf_yasg\inspectors\view.py", line 182, in get_responses
    responses=self.get_response_schemas(response_serializers)
              ^^^^^^^^^^^^^^^^^^^^^^^^^^^^^^^^^^^^^^^^^^^^^^^
  File "C:\Users\User\Desktop\miniproject2\myvenv\Lib\site-packages\drf_yasg\inspectors\view.py", line 271, in get_response_schemas
    schema=self.serializer_to_schema(serializer),
           ^^^^^^^^^^^^^^^^^^^^^^^^^^^^^^^^^^^^^
  File "C:\Users\User\Desktop\miniproject2\myvenv\Lib\site-packages\drf_yasg\inspectors\base.py", line 438, in serializer_to_schema
    return self.probe_inspectors(
           ^^^^^^^^^^^^^^^^^^^^^^
  File "C:\Users\User\Desktop\miniproject2\myvenv\Lib\site-packages\drf_yasg\inspectors\base.py", line 110, in probe_inspectors
    result = method(obj, **kwargs)
             ^^^^^^^^^^^^^^^^^^^^^
  File "C:\Users\User\Desktop\miniproject2\myvenv\Lib\site-packages\drf_yasg\inspectors\field.py", line 42, in get_schema
    return self.probe_field_inspectors(serializer, openapi.Schema, self.use_definitions)
           ^^^^^^^^^^^^^^^^^^^^^^^^^^^^^^^^^^^^^^^^^^^^^^^^^^^^^^^^^^^^^^^^^^^^^^^^^^^^^
  File "C:\Users\User\Desktop\miniproject2\myvenv\Lib\site-packages\drf_yasg\inspectors\base.py", line 228, in probe_field_inspectors
    return self.probe_inspectors(
           ^^^^^^^^^^^^^^^^^^^^^^
  File "C:\Users\User\Desktop\miniproject2\myvenv\Lib\site-packages\drf_yasg\inspectors\base.py", line 110, in probe_inspectors
    result = method(obj, **kwargs)
             ^^^^^^^^^^^^^^^^^^^^^
  File "C:\Users\User\Desktop\miniproject2\myvenv\Lib\site-packages\drf_yasg\inspectors\field.py", line 86, in field_to_swagger_object
    child_schema = self.probe_field_inspectors(field.child, ChildSwaggerType, use_references)
                   ^^^^^^^^^^^^^^^^^^^^^^^^^^^^^^^^^^^^^^^^^^^^^^^^^^^^^^^^^^^^^^^^^^^^^^^^^^
  File "C:\Users\User\Desktop\miniproject2\myvenv\Lib\site-packages\drf_yasg\inspectors\base.py", line 228, in probe_field_inspectors
    return self.probe_inspectors(
           ^^^^^^^^^^^^^^^^^^^^^^
  File "C:\Users\User\Desktop\miniproject2\myvenv\Lib\site-packages\drf_yasg\inspectors\base.py", line 110, in probe_inspectors
    result = method(obj, **kwargs)
             ^^^^^^^^^^^^^^^^^^^^^
  File "C:\Users\User\Desktop\miniproject2\myvenv\Lib\site-packages\drf_yasg\inspectors\field.py", line 141, in field_to_swagger_object
    raise SwaggerGenerationError(
drf_yasg.errors.SwaggerGenerationError: Schema for <class 'djoser.serializers.UserSerializer'> would override distinct serializer <class 'users.serializers.UserSerializer'> because they implicitly share the same ref_name; explicitly set the ref_name attribute on both serializers' Meta classes
ERROR 2024-11-24 22:43:01,378 basehttp "GET /swagger/?format=openapi HTTP/1.1" 500 216776
INFO 2024-11-24 22:43:53,772 autoreload C:\Users\User\Desktop\miniproject2\StudentManagement\users\serializers.py changed, reloading.
INFO 2024-11-24 22:43:55,229 autoreload Watching for file changes with StatReloader
INFO 2024-11-24 22:43:58,541 basehttp "GET /swagger/ HTTP/1.1" 200 2452
INFO 2024-11-24 22:43:58,733 basehttp "GET /swagger/?format=openapi HTTP/1.1" 200 26175
INFO 2024-11-24 22:44:28,658 basehttp "GET /openapi/ HTTP/1.1" 200 30650
INFO 2024-11-24 22:44:51,088 basehttp "GET /openapi/ HTTP/1.1" 200 30650
INFO 2024-11-24 22:45:39,521 autoreload C:\Users\User\Desktop\miniproject2\StudentManagement\users\views.py changed, reloading.
INFO 2024-11-24 22:45:41,816 autoreload Watching for file changes with StatReloader
INFO 2024-11-24 22:45:45,716 autoreload C:\Users\User\Desktop\miniproject2\StudentManagement\users\views.py changed, reloading.
INFO 2024-11-24 22:45:47,077 autoreload Watching for file changes with StatReloader
INFO 2024-11-24 22:45:52,002 autoreload C:\Users\User\Desktop\miniproject2\StudentManagement\users\views.py changed, reloading.
INFO 2024-11-24 22:45:53,335 autoreload Watching for file changes with StatReloader
INFO 2024-11-24 22:45:59,087 autoreload C:\Users\User\Desktop\miniproject2\StudentManagement\users\views.py changed, reloading.
INFO 2024-11-24 22:46:00,466 autoreload Watching for file changes with StatReloader
INFO 2024-11-24 22:46:02,402 autoreload C:\Users\User\Desktop\miniproject2\StudentManagement\users\views.py changed, reloading.
INFO 2024-11-24 22:46:04,099 autoreload Watching for file changes with StatReloader
INFO 2024-11-24 22:46:06,175 basehttp "GET /swagger/ HTTP/1.1" 200 2452
INFO 2024-11-24 22:46:06,195 basehttp "GET /static/drf-yasg/style.css HTTP/1.1" 304 0
INFO 2024-11-24 22:46:06,208 basehttp "GET /static/drf-yasg/swagger-ui-dist/swagger-ui-standalone-preset.js HTTP/1.1" 304 0
INFO 2024-11-24 22:46:06,210 basehttp "GET /static/drf-yasg/swagger-ui-dist/swagger-ui.css HTTP/1.1" 304 0
INFO 2024-11-24 22:46:06,214 basehttp "GET /static/drf-yasg/swagger-ui-dist/swagger-ui-bundle.js HTTP/1.1" 304 0
INFO 2024-11-24 22:46:06,216 basehttp "GET /static/drf-yasg/insQ.min.js HTTP/1.1" 304 0
INFO 2024-11-24 22:46:06,217 basehttp "GET /static/drf-yasg/immutable.min.js HTTP/1.1" 304 0
INFO 2024-11-24 22:46:06,217 basehttp "GET /static/drf-yasg/swagger-ui-init.js HTTP/1.1" 304 0
INFO 2024-11-24 22:46:06,546 basehttp "GET /swagger/?format=openapi HTTP/1.1" 200 26726
INFO 2024-11-24 22:46:06,547 basehttp "GET /static/drf-yasg/swagger-ui-dist/favicon-32x32.png HTTP/1.1" 304 0
INFO 2024-11-24 22:58:23,238 autoreload Watching for file changes with StatReloader
WARNING 2024-11-24 22:58:41,439 log Not Found: /active_users/
WARNING 2024-11-24 22:58:41,440 basehttp "GET /active_users/ HTTP/1.1" 404 3698
ERROR 2024-11-24 22:58:48,994 log Internal Server Error: /active-users/
Traceback (most recent call last):
  File "C:\Users\User\Desktop\miniproject2\myvenv\Lib\site-packages\django\core\handlers\exception.py", line 55, in inner
    response = get_response(request)
               ^^^^^^^^^^^^^^^^^^^^^
  File "C:\Users\User\Desktop\miniproject2\myvenv\Lib\site-packages\django\core\handlers\base.py", line 197, in _get_response
    response = wrapped_callback(request, *callback_args, **callback_kwargs)
               ^^^^^^^^^^^^^^^^^^^^^^^^^^^^^^^^^^^^^^^^^^^^^^^^^^^^^^^^^^^^
  File "C:\Users\User\Desktop\miniproject2\StudentManagement\analytics\views.py", line 6, in active_users_report
    return render(request, 'active_users_report.html', {'active_users': active_users})
           ^^^^^^^^^^^^^^^^^^^^^^^^^^^^^^^^^^^^^^^^^^^^^^^^^^^^^^^^^^^^^^^^^^^^^^^^^^^
  File "C:\Users\User\Desktop\miniproject2\myvenv\Lib\site-packages\django\shortcuts.py", line 25, in render
    content = loader.render_to_string(template_name, context, request, using=using)
              ^^^^^^^^^^^^^^^^^^^^^^^^^^^^^^^^^^^^^^^^^^^^^^^^^^^^^^^^^^^^^^^^^^^^^
  File "C:\Users\User\Desktop\miniproject2\myvenv\Lib\site-packages\django\template\loader.py", line 61, in render_to_string
    template = get_template(template_name, using=using)
               ^^^^^^^^^^^^^^^^^^^^^^^^^^^^^^^^^^^^^^^^
  File "C:\Users\User\Desktop\miniproject2\myvenv\Lib\site-packages\django\template\loader.py", line 19, in get_template
    raise TemplateDoesNotExist(template_name, chain=chain)
django.template.exceptions.TemplateDoesNotExist: active_users_report.html
ERROR 2024-11-24 22:58:48,997 basehttp "GET /active-users/ HTTP/1.1" 500 90644
INFO 2024-11-24 22:59:16,046 autoreload C:\Users\User\Desktop\miniproject2\StudentManagement\analytics\views.py changed, reloading.
INFO 2024-11-24 22:59:17,354 autoreload Watching for file changes with StatReloader
INFO 2024-11-24 22:59:24,648 autoreload C:\Users\User\Desktop\miniproject2\StudentManagement\analytics\views.py changed, reloading.
INFO 2024-11-24 22:59:26,085 autoreload Watching for file changes with StatReloader
ERROR 2024-11-24 22:59:26,677 log Internal Server Error: /active-users/
Traceback (most recent call last):
  File "C:\Users\User\Desktop\miniproject2\myvenv\Lib\site-packages\django\core\handlers\exception.py", line 55, in inner
    response = get_response(request)
               ^^^^^^^^^^^^^^^^^^^^^
  File "C:\Users\User\Desktop\miniproject2\myvenv\Lib\site-packages\django\core\handlers\base.py", line 197, in _get_response
    response = wrapped_callback(request, *callback_args, **callback_kwargs)
               ^^^^^^^^^^^^^^^^^^^^^^^^^^^^^^^^^^^^^^^^^^^^^^^^^^^^^^^^^^^^
  File "C:\Users\User\Desktop\miniproject2\StudentManagement\analytics\views.py", line 6, in active_users_report
    return render(request, 'templates/active_users_report.html', {'active_users': active_users})
           ^^^^^^^^^^^^^^^^^^^^^^^^^^^^^^^^^^^^^^^^^^^^^^^^^^^^^^^^^^^^^^^^^^^^^^^^^^^^^^^^^^^^^
  File "C:\Users\User\Desktop\miniproject2\myvenv\Lib\site-packages\django\shortcuts.py", line 25, in render
    content = loader.render_to_string(template_name, context, request, using=using)
              ^^^^^^^^^^^^^^^^^^^^^^^^^^^^^^^^^^^^^^^^^^^^^^^^^^^^^^^^^^^^^^^^^^^^^
  File "C:\Users\User\Desktop\miniproject2\myvenv\Lib\site-packages\django\template\loader.py", line 61, in render_to_string
    template = get_template(template_name, using=using)
               ^^^^^^^^^^^^^^^^^^^^^^^^^^^^^^^^^^^^^^^^
  File "C:\Users\User\Desktop\miniproject2\myvenv\Lib\site-packages\django\template\loader.py", line 19, in get_template
    raise TemplateDoesNotExist(template_name, chain=chain)
django.template.exceptions.TemplateDoesNotExist: templates/active_users_report.html
ERROR 2024-11-24 22:59:26,682 basehttp "GET /active-users/ HTTP/1.1" 500 91071
ERROR 2024-11-24 22:59:28,393 log Internal Server Error: /active-users/
Traceback (most recent call last):
  File "C:\Users\User\Desktop\miniproject2\myvenv\Lib\site-packages\django\core\handlers\exception.py", line 55, in inner
    response = get_response(request)
               ^^^^^^^^^^^^^^^^^^^^^
  File "C:\Users\User\Desktop\miniproject2\myvenv\Lib\site-packages\django\core\handlers\base.py", line 197, in _get_response
    response = wrapped_callback(request, *callback_args, **callback_kwargs)
               ^^^^^^^^^^^^^^^^^^^^^^^^^^^^^^^^^^^^^^^^^^^^^^^^^^^^^^^^^^^^
  File "C:\Users\User\Desktop\miniproject2\StudentManagement\analytics\views.py", line 6, in active_users_report
    return render(request, 'templates/active_users_report.html', {'active_users': active_users})
           ^^^^^^^^^^^^^^^^^^^^^^^^^^^^^^^^^^^^^^^^^^^^^^^^^^^^^^^^^^^^^^^^^^^^^^^^^^^^^^^^^^^^^
  File "C:\Users\User\Desktop\miniproject2\myvenv\Lib\site-packages\django\shortcuts.py", line 25, in render
    content = loader.render_to_string(template_name, context, request, using=using)
              ^^^^^^^^^^^^^^^^^^^^^^^^^^^^^^^^^^^^^^^^^^^^^^^^^^^^^^^^^^^^^^^^^^^^^
  File "C:\Users\User\Desktop\miniproject2\myvenv\Lib\site-packages\django\template\loader.py", line 61, in render_to_string
    template = get_template(template_name, using=using)
               ^^^^^^^^^^^^^^^^^^^^^^^^^^^^^^^^^^^^^^^^
  File "C:\Users\User\Desktop\miniproject2\myvenv\Lib\site-packages\django\template\loader.py", line 19, in get_template
    raise TemplateDoesNotExist(template_name, chain=chain)
django.template.exceptions.TemplateDoesNotExist: templates/active_users_report.html
ERROR 2024-11-24 22:59:28,408 basehttp "GET /active-users/ HTTP/1.1" 500 91071
INFO 2024-11-24 22:59:37,625 autoreload C:\Users\User\Desktop\miniproject2\StudentManagement\analytics\views.py changed, reloading.
INFO 2024-11-24 22:59:38,978 autoreload Watching for file changes with StatReloader
ERROR 2024-11-24 22:59:39,388 log Internal Server Error: /active-users/
Traceback (most recent call last):
  File "C:\Users\User\Desktop\miniproject2\myvenv\Lib\site-packages\django\core\handlers\exception.py", line 55, in inner
    response = get_response(request)
               ^^^^^^^^^^^^^^^^^^^^^
  File "C:\Users\User\Desktop\miniproject2\myvenv\Lib\site-packages\django\core\handlers\base.py", line 197, in _get_response
    response = wrapped_callback(request, *callback_args, **callback_kwargs)
               ^^^^^^^^^^^^^^^^^^^^^^^^^^^^^^^^^^^^^^^^^^^^^^^^^^^^^^^^^^^^
  File "C:\Users\User\Desktop\miniproject2\StudentManagement\analytics\views.py", line 6, in active_users_report
    return render(request, 'active_users_report.html', {'active_users': active_users})
           ^^^^^^^^^^^^^^^^^^^^^^^^^^^^^^^^^^^^^^^^^^^^^^^^^^^^^^^^^^^^^^^^^^^^^^^^^^^
  File "C:\Users\User\Desktop\miniproject2\myvenv\Lib\site-packages\django\shortcuts.py", line 25, in render
    content = loader.render_to_string(template_name, context, request, using=using)
              ^^^^^^^^^^^^^^^^^^^^^^^^^^^^^^^^^^^^^^^^^^^^^^^^^^^^^^^^^^^^^^^^^^^^^
  File "C:\Users\User\Desktop\miniproject2\myvenv\Lib\site-packages\django\template\loader.py", line 61, in render_to_string
    template = get_template(template_name, using=using)
               ^^^^^^^^^^^^^^^^^^^^^^^^^^^^^^^^^^^^^^^^
  File "C:\Users\User\Desktop\miniproject2\myvenv\Lib\site-packages\django\template\loader.py", line 19, in get_template
    raise TemplateDoesNotExist(template_name, chain=chain)
django.template.exceptions.TemplateDoesNotExist: active_users_report.html
ERROR 2024-11-24 22:59:39,394 basehttp "GET /active-users/ HTTP/1.1" 500 90791
INFO 2024-11-24 23:01:32,154 autoreload C:\Users\User\Desktop\miniproject2\StudentManagement\StudentManagement\settings.py changed, reloading.
INFO 2024-11-24 23:02:43,186 autoreload Watching for file changes with StatReloader
ERROR 2024-11-24 23:02:45,995 log Internal Server Error: /active-users/
Traceback (most recent call last):
  File "C:\Users\User\Desktop\miniproject2\myvenv\Lib\site-packages\django\core\handlers\exception.py", line 55, in inner
    response = get_response(request)
               ^^^^^^^^^^^^^^^^^^^^^
  File "C:\Users\User\Desktop\miniproject2\myvenv\Lib\site-packages\django\core\handlers\base.py", line 197, in _get_response
    response = wrapped_callback(request, *callback_args, **callback_kwargs)
               ^^^^^^^^^^^^^^^^^^^^^^^^^^^^^^^^^^^^^^^^^^^^^^^^^^^^^^^^^^^^
  File "C:\Users\User\Desktop\miniproject2\StudentManagement\analytics\views.py", line 6, in active_users_report
    return render(request, 'active_users_report.html', {'active_users': active_users})
           ^^^^^^^^^^^^^^^^^^^^^^^^^^^^^^^^^^^^^^^^^^^^^^^^^^^^^^^^^^^^^^^^^^^^^^^^^^^
  File "C:\Users\User\Desktop\miniproject2\myvenv\Lib\site-packages\django\shortcuts.py", line 25, in render
    content = loader.render_to_string(template_name, context, request, using=using)
              ^^^^^^^^^^^^^^^^^^^^^^^^^^^^^^^^^^^^^^^^^^^^^^^^^^^^^^^^^^^^^^^^^^^^^
  File "C:\Users\User\Desktop\miniproject2\myvenv\Lib\site-packages\django\template\loader.py", line 61, in render_to_string
    template = get_template(template_name, using=using)
               ^^^^^^^^^^^^^^^^^^^^^^^^^^^^^^^^^^^^^^^^
  File "C:\Users\User\Desktop\miniproject2\myvenv\Lib\site-packages\django\template\loader.py", line 19, in get_template
    raise TemplateDoesNotExist(template_name, chain=chain)
django.template.exceptions.TemplateDoesNotExist: active_users_report.html
ERROR 2024-11-24 23:02:45,999 basehttp "GET /active-users/ HTTP/1.1" 500 91761
INFO 2024-11-24 23:04:13,252 autoreload C:\Users\User\Desktop\miniproject2\StudentManagement\analytics\views.py changed, reloading.
INFO 2024-11-24 23:04:14,613 autoreload Watching for file changes with StatReloader
INFO 2024-11-24 23:04:17,536 autoreload C:\Users\User\Desktop\miniproject2\StudentManagement\analytics\views.py changed, reloading.
INFO 2024-11-24 23:04:18,770 autoreload Watching for file changes with StatReloader
INFO 2024-11-24 23:04:20,607 autoreload C:\Users\User\Desktop\miniproject2\StudentManagement\analytics\views.py changed, reloading.
INFO 2024-11-24 23:04:21,853 autoreload Watching for file changes with StatReloader
INFO 2024-11-24 23:04:24,761 autoreload C:\Users\User\Desktop\miniproject2\StudentManagement\analytics\views.py changed, reloading.
INFO 2024-11-24 23:04:26,648 autoreload Watching for file changes with StatReloader
INFO 2024-11-24 23:04:27,376 basehttp "GET /active-users/ HTTP/1.1" 200 843
INFO 2024-11-24 23:04:45,693 autoreload C:\Users\User\Desktop\miniproject2\StudentManagement\analytics\views.py changed, reloading.
INFO 2024-11-24 23:04:47,354 autoreload Watching for file changes with StatReloader
INFO 2024-11-24 23:05:10,331 basehttp "GET /popular-courses/ HTTP/1.1" 200 853
